<?xml version="1.0" encoding="UTF-8"?>
<!-- Generated by org.testng.reporters.JUnitXMLReporter -->
<testsuite ignored="0" hostname="sham" failures="0" tests="5" name="REST APIs" time="5.683" errors="0" timestamp="2024-01-23T10:47:45 IST">
  <testcase classname="com.simplilearn.restassuredtest.GetUserRequestTest" name="getRequestTest" time="2.54"/>
  <testcase classname="com.simplilearn.restassuredtest.GetUserRequestTest" name="getRequestWithQueryParmsTest" time="0.381"/>
  <testcase classname="com.simplilearn.restassuredtest.GetUserRequestTest" name="getRequestWithUserIdTest" time="0.761"/>
  <testcase classname="com.simplilearn.restassuredtest.RegisterRequestTest" name="testresgistrationWithToken" time="1.336"/>
  <testcase classname="com.simplilearn.restassuredtest.LoginRequestTest" name="testOnLoginRequest" time="0.622"/>
</testsuite> <!-- REST APIs -->
